<?xml version="1.0" encoding="UTF-8"?>
<testsuite name="labs.lab0.Variant9Test" tests="36" skipped="0" failures="0" errors="0" timestamp="2024-11-07T15:02:50" hostname="DESKTOP-36BBRTO" time="0.062">
  <properties/>
  <testcase name="arrayTest[0]([D@14fa86ae, 2)" classname="labs.lab0.Variant9Test" time="0.011"/>
  <testcase name="arrayTest[1]([D@4b7dc788, 2)" classname="labs.lab0.Variant9Test" time="0.0"/>
  <testcase name="arrayTest[2]([D@5170bcf4, 3)" classname="labs.lab0.Variant9Test" time="0.0"/>
  <testcase name="arrayTest[3]([D@df6620a, 0)" classname="labs.lab0.Variant9Test" time="0.0"/>
  <testcase name="arrayTest[4]([D@1a72a540, 3)" classname="labs.lab0.Variant9Test" time="0.0"/>
  <testcase name="booleanTest[0](5, 2, true)" classname="labs.lab0.Variant9Test" time="0.002"/>
  <testcase name="booleanTest[1](4, 3, true)" classname="labs.lab0.Variant9Test" time="0.001"/>
  <testcase name="booleanTest[2](2, 4, false)" classname="labs.lab0.Variant9Test" time="0.0"/>
  <testcase name="booleanTest[3](-3, -2, true)" classname="labs.lab0.Variant9Test" time="0.0"/>
  <testcase name="booleanTest[4](-4, -6, false)" classname="labs.lab0.Variant9Test" time="0.001"/>
  <testcase name="booleanTest[5](0, 1, true)" classname="labs.lab0.Variant9Test" time="0.0"/>
  <testcase name="booleanTest[6](0, 0, false)" classname="labs.lab0.Variant9Test" time="0.0"/>
  <testcase name="forTest[0](1, 3, 14.0)" classname="labs.lab0.Variant9Test" time="0.003"/>
  <testcase name="forTest[1](2, 4, 29.0)" classname="labs.lab0.Variant9Test" time="0.002"/>
  <testcase name="forTest[2](3, 5, 50.0)" classname="labs.lab0.Variant9Test" time="0.0"/>
  <testcase name="forTest[3](-1, 1, 2.0)" classname="labs.lab0.Variant9Test" time="0.0"/>
  <testcase name="forTest[4](-3, -1, 14.0)" classname="labs.lab0.Variant9Test" time="0.0"/>
  <testcase name="ifTest[0](2, 3, 2, 3)" classname="labs.lab0.Variant9Test" time="0.004"/>
  <testcase name="ifTest[1](5, 2, 2, 5)" classname="labs.lab0.Variant9Test" time="0.001"/>
  <testcase name="ifTest[2](0, 0, 0, 0)" classname="labs.lab0.Variant9Test" time="0.0"/>
  <testcase name="ifTest[3](-3, -1, -3, -1)" classname="labs.lab0.Variant9Test" time="0.001"/>
  <testcase name="ifTest[4](-1, -3, -3, -1)" classname="labs.lab0.Variant9Test" time="0.0"/>
  <testcase name="inputTest[0](100, 1)" classname="labs.lab0.Variant9Test" time="0.002"/>
  <testcase name="inputTest[1](139, 1)" classname="labs.lab0.Variant9Test" time="0.0"/>
  <testcase name="inputTest[2](250, 2)" classname="labs.lab0.Variant9Test" time="0.0"/>
  <testcase name="inputTest[3](999, 9)" classname="labs.lab0.Variant9Test" time="0.001"/>
  <testcase name="switchTest[0](28, 2, 1, 3)" classname="labs.lab0.Variant9Test" time="0.0"/>
  <testcase name="switchTest[1](30, 4, 1, 5)" classname="labs.lab0.Variant9Test" time="0.0"/>
  <testcase name="switchTest[2](31, 12, 1, 1)" classname="labs.lab0.Variant9Test" time="0.0"/>
  <testcase name="switchTest[3](15, 3, 16, 3)" classname="labs.lab0.Variant9Test" time="0.0"/>
  <testcase name="switchTest[4](31, 8, 1, 9)" classname="labs.lab0.Variant9Test" time="0.001"/>
  <testcase name="twoDimensionArrayTest[0]([[I@6057aebb, [[I@63eef88a)" classname="labs.lab0.Variant9Test" time="0.002"/>
  <testcase name="whileTest[0](10, 4)" classname="labs.lab0.Variant9Test" time="0.0"/>
  <testcase name="whileTest[1](12, 5)" classname="labs.lab0.Variant9Test" time="0.001"/>
  <testcase name="whileTest[2](13, 5)" classname="labs.lab0.Variant9Test" time="0.0"/>
  <testcase name="whileTest[3](25, 9)" classname="labs.lab0.Variant9Test" time="0.0"/>
  <system-out><![CDATA[2.0
10.0
2.0
10.0
2.0
-4.0
4.0
-6.0
-4.0
-2.0
]]></system-out>
  <system-err><![CDATA[]]></system-err>
</testsuite>
